<?xml version="1.0" encoding="UTF-8"?>
<Site BuildName="Linux-c++"
	BuildStamp="20250720-0712-Experimental"
	Name="Ubuntu"
	Generator="ctest-3.28.3"
	CompilerName="/usr/bin/c++"
	CompilerVersion="13.3.0"
	OSName="Linux"
	Hostname="Ubuntu"
	OSRelease="6.14.0-24-generic"
	OSVersion="#24~24.04.3-Ubuntu SMP PREEMPT_DYNAMIC Mon Jul  7 16:39:17 UTC 2"
	OSPlatform="x86_64"
	Is64Bits="1"
	VendorString="GenuineIntel"
	VendorID="Intel Corporation"
	FamilyID="6"
	ModelID="30"
	ProcessorCacheSize="8192"
	NumberOfLogicalCPU="4"
	NumberOfPhysicalCPU="4"
	TotalVirtualMemory="0"
	TotalPhysicalMemory="7941"
	LogicalProcessorsPerPhysical="1"
	ProcessorClockFrequency="2942.46"
	>
	<Testing>
		<StartDateTime>Jul 20 15:57 +07</StartDateTime>
		<StartTestTime>1753001865</StartTestTime>
		<TestList/>
		<EndDateTime>Jul 20 15:57 +07</EndDateTime>
		<EndTestTime>1753001865</EndTestTime>
		<ElapsedMinutes>0</ElapsedMinutes>
	</Testing>
</Site>
